2022-06-15 14:56:09.769 PDT [68983] LOG:  starting PostgreSQL 14.3 on aarch64-apple-darwin20.6.0, compiled by Apple clang version 12.0.5 (clang-1205.0.22.9), 64-bit
2022-06-15 14:56:09.772 PDT [68983] LOG:  listening on IPv6 address "::1", port 5432
2022-06-15 14:56:09.772 PDT [68983] LOG:  listening on IPv4 address "127.0.0.1", port 5432
2022-06-15 14:56:09.772 PDT [68983] LOG:  listening on Unix socket "/tmp/.s.PGSQL.5432"
2022-06-15 14:56:09.776 PDT [68984] LOG:  database system was shut down at 2022-06-15 14:53:24 PDT
2022-06-15 14:56:09.779 PDT [68983] LOG:  database system is ready to accept connections
2022-06-15 14:56:09.866 PDT [68992] FATAL:  database "devinwilson" does not exist
2022-06-15 14:56:24.452 PDT [69020] FATAL:  database "devinwilson" does not exist
2022-06-15 14:56:36.481 PDT [69045] FATAL:  database "bonkdata" does not exist
2022-06-15 14:56:44.260 PDT [69059] FATAL:  database "devinwilson" does not exist
2022-06-15 14:56:46.804 PDT [68983] LOG:  received fast shutdown request
2022-06-15 14:56:46.805 PDT [68983] LOG:  aborting any active transactions
2022-06-15 14:56:46.806 PDT [68983] LOG:  background worker "logical replication launcher" (PID 68990) exited with exit code 1
2022-06-15 14:56:46.806 PDT [68985] LOG:  shutting down
2022-06-15 14:56:46.812 PDT [68983] LOG:  database system is shut down
2022-06-15 14:57:36.452 PDT [69177] LOG:  starting PostgreSQL 14.3 on aarch64-apple-darwin20.6.0, compiled by Apple clang version 12.0.5 (clang-1205.0.22.9), 64-bit
2022-06-15 14:57:36.455 PDT [69177] LOG:  listening on IPv6 address "::1", port 5432
2022-06-15 14:57:36.455 PDT [69177] LOG:  listening on IPv4 address "127.0.0.1", port 5432
2022-06-15 14:57:36.455 PDT [69177] LOG:  listening on Unix socket "/tmp/.s.PGSQL.5432"
2022-06-15 14:57:36.459 PDT [69178] LOG:  database system was shut down at 2022-06-15 14:56:46 PDT
2022-06-15 14:57:36.462 PDT [69177] LOG:  database system is ready to accept connections
2022-06-15 14:57:36.602 PDT [69185] FATAL:  database "devinwilson" does not exist
2022-06-15 14:58:44.296 PDT [69331] ERROR:  syntax error at or near "CREATE" at character 19
2022-06-15 14:58:44.296 PDT [69331] STATEMENT:  CREATE USER devin
	CREATE USER devin;
2022-06-15 14:58:55.547 PDT [69331] ERROR:  syntax error at or near "CREATE" at character 19
2022-06-15 14:58:55.547 PDT [69331] STATEMENT:  CREATE USER devin
	CREATE USER devin;
2022-06-15 14:59:36.143 PDT [69461] LOG:  invalid length of startup packet
2022-06-15 14:59:37.251 PDT [69469] LOG:  invalid length of startup packet
2022-06-15 15:00:43.415 PDT [69331] ERROR:  syntax error at or near "USER" at character 1
2022-06-15 15:00:43.415 PDT [69331] STATEMENT:  USER
	CREATE USER devin WITH PASSWORD 'wilson';
2022-06-15 15:00:47.352 PDT [69331] ERROR:  syntax error at or near "USER" at character 1
2022-06-15 15:00:47.352 PDT [69331] STATEMENT:  USER
	CREATE USER devin WITH PASSWORD 'wilson';
2022-06-15 15:01:01.951 PDT [69331] ERROR:  role "devin" already exists
2022-06-15 15:01:01.951 PDT [69331] STATEMENT:  CREATE USER devin WITH PASSWORD 'wilson';
2022-06-15 15:01:23.537 PDT [69331] ERROR:  syntax error at or near "REMOVE" at character 1
2022-06-15 15:01:23.537 PDT [69331] STATEMENT:  REMOVE USER devin;
2022-06-15 15:01:29.502 PDT [69331] ERROR:  syntax error at or near "USER" at character 8
2022-06-15 15:01:29.502 PDT [69331] STATEMENT:  DELETE USER devin;
